.\Debug\minimal.pdb
D:\myasm\vc10\.\Debug\minimal.exe.intermediate.manifest
D:\MYASM\VC10\DEBUG\ASMSEARCH.OBJ
D:\MYASM\VC10\DEBUG\ATFACE.OBJ
D:\myasm\vc10\Debug\cl.command.1.tlog
D:\myasm\vc10\Debug\CL.read.1.tlog
D:\myasm\vc10\Debug\CL.write.1.tlog
D:\MYASM\VC10\DEBUG\ERR.OBJ
D:\MYASM\VC10\DEBUG\EZFONT.OBJ
D:\MYASM\VC10\DEBUG\HYPOT.OBJ
D:\MYASM\VC10\DEBUG\IMEQUALIZE.OBJ
D:\MYASM\VC10\DEBUG\IMFILE.OBJ
D:\MYASM\VC10\DEBUG\IMGIVEN.OBJ
D:\MYASM\VC10\DEBUG\IMSHAPE.OBJ
D:\MYASM\VC10\DEBUG\IMUTIL.OBJ
D:\MYASM\VC10\DEBUG\IMWRITE.OBJ
D:\MYASM\VC10\DEBUG\INITASM.OBJ
D:\MYASM\VC10\DEBUG\JPEGUTIL.OBJ
D:\MYASM\VC10\DEBUG\LANDMARKS.OBJ
D:\myasm\vc10\Debug\link.command.1.tlog
D:\myasm\vc10\Debug\link.read.1.tlog
D:\myasm\vc10\Debug\link.write.1.tlog
D:\myasm\vc10\Debug\link-cvtres.read.1.tlog
D:\myasm\vc10\Debug\link-cvtres.write.1.tlog
D:\MYASM\VC10\DEBUG\MAT.OBJ
D:\MYASM\VC10\DEBUG\MATVEC.OBJ
D:\MYASM\VC10\DEBUG\MCHOL.OBJ
D:\myasm\vc10\Debug\minimal.exe.embed.manifest
D:\MYASM\VC10\DEBUG\MINIMAL.EXE.EMBED.MANIFEST.RES
D:\myasm\vc10\Debug\minimal.exe.intermediate.manifest
D:\MYASM\VC10\DEBUG\MINIMAL.OBJ
D:\myasm\vc10\Debug\minimal.pdb
D:\myasm\vc10\Debug\minimal_manifest.rc
D:\MYASM\VC10\DEBUG\MRAND.OBJ
D:\MYASM\VC10\DEBUG\PNGUTIL.OBJ
D:\MYASM\VC10\DEBUG\PROF.OBJ
D:\myasm\vc10\Debug\rc.command.1.tlog
D:\myasm\vc10\Debug\rc.read.1.tlog
D:\myasm\vc10\Debug\rc.write.1.tlog
D:\MYASM\VC10\DEBUG\READASM.OBJ
D:\MYASM\VC10\DEBUG\READCONF.OBJ
D:\MYASM\VC10\DEBUG\READPNG.OBJ
D:\MYASM\VC10\DEBUG\REGEX.OBJ
D:\MYASM\VC10\DEBUG\RELEASE.OBJ
D:\MYASM\VC10\DEBUG\RGBIMUTIL.OBJ
D:\MYASM\VC10\DEBUG\ROWLEY.OBJ
D:\MYASM\VC10\DEBUG\ROWLEYHAND.OBJ
D:\MYASM\VC10\DEBUG\SAFE_ALLOC.OBJ
D:\MYASM\VC10\DEBUG\SHAPEFILE.OBJ
D:\MYASM\VC10\DEBUG\SHAPEMODEL.OBJ
D:\MYASM\VC10\DEBUG\SPARSEMAT.OBJ
D:\MYASM\VC10\DEBUG\STARTSHAPE.OBJ
D:\MYASM\VC10\DEBUG\STASM.OBJ
D:\MYASM\VC10\DEBUG\TAB.OBJ
D:\MYASM\VC10\DEBUG\UTIL.OBJ
D:\myasm\vc10\Debug\vc100.idb
D:\MYASM\VC10\DEBUG\VC100.PDB
D:\MYASM\VC10\DEBUG\VIOLAJONES.OBJ
D:\MYASM\VC10\DEBUG\VJHAND.OBJ
D:\MYASM\VC10\DEBUG\WRBMP.OBJ
